2026-06-07 19:40:03.516 | INFO     | __main__ — ============================================================
2026-06-07 19:40:03.516 | INFO     | __main__ —   PAPER MODE — no real orders will be placed
2026-06-07 19:40:03.516 | INFO     | __main__ — ============================================================
2026-06-07 19:40:03.524 | INFO     | state — Database initialised at bot_state.db
2026-06-07 19:40:03.611 | INFO     | market_discovery — MarketDiscovery started
2026-06-07 19:40:03.611 | INFO     | binance_feed — BinanceFeed started
2026-06-07 19:40:03.611 | INFO     | oracle_feed — CoinbaseFeed started
2026-06-07 19:40:03.612 | INFO     | oracle_feed — ChainlinkFeed started (Polymarket RTDS settlement price)
2026-06-07 19:40:03.612 | INFO     | polymarket_book — PolymarketBook started
2026-06-07 19:40:03.612 | DEBUG    | __main__ — Window 1780841400 strike MISSED (no price feed) — will not trade
2026-06-07 19:40:03.612 | INFO     | __main__ — Bot started in PAPER mode. Waiting for window and feeds...
2026-06-07 19:40:03.613 | INFO     | dashboard_server — ============================================================
2026-06-07 19:40:03.613 | INFO     | dashboard_server —   OPEN THE DASHBOARD:  http://localhost:8000/
2026-06-07 19:40:03.613 | INFO     | dashboard_server — ============================================================
2026-06-07 19:40:03.654 | DEBUG    | market_discovery — Active: Bitcoin Up or Down - June 7, 10:10AM-10:15AM ET | T-296s
2026-06-07 19:40:03.968 | INFO     | polymarket_book — PolymarketBook connected
2026-06-07 19:40:04.093 | INFO     | binance_feed — BinanceFeed connected
2026-06-07 19:40:04.130 | INFO     | oracle_feed — ChainlinkFeed connected
2026-06-07 19:40:04.343 | WARNING  | oracle_feed — ChainlinkFeed parse error: Expecting value: line 1 column 1 (char 0)
2026-06-07 19:40:04.590 | DEBUG    | dashboard_server — Dashboard client connected: ::1
2026-06-07 19:40:04.715 | INFO     | oracle_feed — CoinbaseFeed connected
2026-06-07 19:40:04.758 | INFO     | polymarket_book — PolymarketBook closed (code=None)
2026-06-07 19:40:04.759 | WARNING  | polymarket_book — PolymarketBook disconnected. Reconnecting in 2s
2026-06-07 19:40:04.760 | INFO     | __main__ — New window: Bitcoin Up or Down - June 7, 10:10AM-10:15AM ET | ref=0.00 (MISSED strike) | T-295s
2026-06-07 19:40:07.095 | INFO     | polymarket_book — PolymarketBook connected
2026-06-07 19:40:07.096 | INFO     | polymarket_book — PolymarketBook subscribed to 293010463348… / 186581270006…
2026-06-07 19:40:13.851 | DEBUG    | market_discovery — Active: Bitcoin Up or Down - June 7, 10:10AM-10:15AM ET | T-286s
2026-06-07 19:40:15.984 | DEBUG    | dashboard_server — Dashboard client connected: ::1
2026-06-07 19:40:23.910 | DEBUG    | market_discovery — Active: Bitcoin Up or Down - June 7, 10:10AM-10:15AM ET | T-276s
2026-06-07 19:40:28.014 | DEBUG    | dashboard_server — Dashboard client disconnected: ::1
2026-06-07 19:41:34.836 | INFO     | __main__ — ============================================================
2026-06-07 19:41:34.836 | INFO     | __main__ —   PAPER MODE — no real orders will be placed
2026-06-07 19:41:34.836 | INFO     | __main__ — ============================================================
2026-06-07 19:41:34.843 | INFO     | state — Database initialised at bot_state.db
2026-06-07 19:41:34.934 | INFO     | market_discovery — MarketDiscovery started
2026-06-07 19:41:34.935 | INFO     | binance_feed — BinanceFeed started
2026-06-07 19:41:34.935 | INFO     | oracle_feed — CoinbaseFeed started
2026-06-07 19:41:34.935 | INFO     | oracle_feed — ChainlinkFeed started (Polymarket RTDS settlement price)
2026-06-07 19:41:34.936 | INFO     | polymarket_book — PolymarketBook started
2026-06-07 19:41:34.936 | DEBUG    | __main__ — Window 1780841400 strike MISSED (no price feed) — will not trade
2026-06-07 19:41:34.936 | INFO     | __main__ — Bot started in PAPER mode. Waiting for window and feeds...
2026-06-07 19:41:34.936 | INFO     | dashboard_server — ============================================================
2026-06-07 19:41:34.936 | INFO     | dashboard_server —   OPEN THE DASHBOARD:  http://localhost:8000/
2026-06-07 19:41:34.936 | INFO     | dashboard_server — ============================================================
2026-06-07 19:41:35.054 | DEBUG    | market_discovery — Active: Bitcoin Up or Down - June 7, 10:10AM-10:15AM ET | T-205s
2026-06-07 19:41:35.354 | INFO     | polymarket_book — PolymarketBook connected
2026-06-07 19:41:35.692 | INFO     | binance_feed — BinanceFeed connected
2026-06-07 19:41:35.818 | INFO     | oracle_feed — ChainlinkFeed connected
2026-06-07 19:41:36.095 | WARNING  | oracle_feed — ChainlinkFeed parse error: Expecting value: line 1 column 1 (char 0)
2026-06-07 19:41:36.100 | INFO     | oracle_feed — CoinbaseFeed connected
2026-06-07 19:41:36.104 | INFO     | polymarket_book — PolymarketBook closed (code=None)
2026-06-07 19:41:36.104 | WARNING  | polymarket_book — PolymarketBook disconnected. Reconnecting in 2s
2026-06-07 19:41:36.106 | INFO     | __main__ — New window: Bitcoin Up or Down - June 7, 10:10AM-10:15AM ET | ref=0.00 (MISSED strike) | T-204s
2026-06-07 19:41:37.217 | DEBUG    | dashboard_server — Dashboard client connected: ::1
2026-06-07 19:41:38.455 | INFO     | polymarket_book — PolymarketBook connected
2026-06-07 19:41:38.456 | INFO     | polymarket_book — PolymarketBook subscribed to 293010463348… / 186581270006…
2026-06-07 19:41:45.120 | DEBUG    | market_discovery — Active: Bitcoin Up or Down - June 7, 10:10AM-10:15AM ET | T-195s
2026-06-07 19:41:49.806 | DEBUG    | dashboard_server — Dashboard client connected: ::1
2026-06-07 19:41:55.188 | DEBUG    | market_discovery — Active: Bitcoin Up or Down - June 7, 10:10AM-10:15AM ET | T-185s
2026-06-07 19:41:55.270 | DEBUG    | dashboard_server — Dashboard client disconnected: ::1
2026-06-07 19:42:05.540 | DEBUG    | market_discovery — Active: Bitcoin Up or Down - June 7, 10:10AM-10:15AM ET | T-174s
2026-06-07 19:42:15.610 | DEBUG    | market_discovery — Active: Bitcoin Up or Down - June 7, 10:10AM-10:15AM ET | T-164s
2026-06-07 19:42:25.673 | DEBUG    | market_discovery — Active: Bitcoin Up or Down - June 7, 10:10AM-10:15AM ET | T-154s
2026-06-07 19:42:26.108 | WARNING  | oracle_feed — ChainlinkFeed error: ping/pong timed out
2026-06-07 19:42:29.112 | INFO     | oracle_feed — ChainlinkFeed closed (code=None)
2026-06-07 19:42:29.115 | WARNING  | oracle_feed — ChainlinkFeed disconnected. Reconnecting in 2s
2026-06-07 19:42:31.772 | WARNING  | oracle_feed — ChainlinkFeed error: Handshake status 525 None -+-+- {'date': 'Sun, 07 Jun 2026 14:12:31 GMT', 'content-type': 'text/plain; charset=UTF-8', 'content-length': '15', 'connection': 'keep-alive', 'strict-transport-security': 'max-age=7776000; includeSubDomains', 'x-frame-options': 'SAMEORIGIN', 'referrer-policy': 'same-origin', 'cache-control': 'private, max-age=0, no-store, no-cache, must-revalidate, post-check=0, pre-check=0', 'expires': 'Thu, 01 Jan 1970 00:00:01 GMT', 'server': 'cloudflare', 'cf-ray': 'a080408feb8c8def-BLR', 'alt-svc': 'h3=":443"; ma=86400'} -+-+- b'error code: 525'
2026-06-07 19:42:31.774 | INFO     | oracle_feed — ChainlinkFeed closed (code=None)
2026-06-07 19:42:31.777 | WARNING  | oracle_feed — ChainlinkFeed disconnected. Reconnecting in 4s
2026-06-07 19:42:35.747 | DEBUG    | market_discovery — Active: Bitcoin Up or Down - June 7, 10:10AM-10:15AM ET | T-144s
2026-06-07 19:42:36.539 | INFO     | oracle_feed — ChainlinkFeed connected
2026-06-07 19:42:36.710 | WARNING  | oracle_feed — ChainlinkFeed parse error: Expecting value: line 1 column 1 (char 0)
2026-06-07 19:42:45.977 | DEBUG    | market_discovery — Active: Bitcoin Up or Down - June 7, 10:10AM-10:15AM ET | T-134s
2026-06-07 19:42:56.038 | DEBUG    | market_discovery — Active: Bitcoin Up or Down - June 7, 10:10AM-10:15AM ET | T-124s
2026-06-07 19:43:06.101 | DEBUG    | market_discovery — Active: Bitcoin Up or Down - June 7, 10:10AM-10:15AM ET | T-114s
2026-06-07 19:43:16.170 | DEBUG    | market_discovery — Active: Bitcoin Up or Down - June 7, 10:10AM-10:15AM ET | T-104s
2026-06-07 19:43:26.238 | DEBUG    | market_discovery — Active: Bitcoin Up or Down - June 7, 10:10AM-10:15AM ET | T-94s
2026-06-07 19:43:26.719 | WARNING  | oracle_feed — ChainlinkFeed error: ping/pong timed out
2026-06-07 19:43:29.721 | INFO     | oracle_feed — ChainlinkFeed closed (code=None)
2026-06-07 19:43:29.723 | WARNING  | oracle_feed — ChainlinkFeed disconnected. Reconnecting in 2s
2026-06-07 19:43:32.212 | INFO     | oracle_feed — ChainlinkFeed connected
2026-06-07 19:43:32.380 | WARNING  | oracle_feed — ChainlinkFeed parse error: Expecting value: line 1 column 1 (char 0)
2026-06-07 19:43:36.303 | DEBUG    | market_discovery — Active: Bitcoin Up or Down - June 7, 10:10AM-10:15AM ET | T-84s
2026-06-07 19:43:46.365 | DEBUG    | market_discovery — Active: Bitcoin Up or Down - June 7, 10:10AM-10:15AM ET | T-74s
2026-06-07 19:43:56.599 | DEBUG    | market_discovery — Active: Bitcoin Up or Down - June 7, 10:10AM-10:15AM ET | T-63s
2026-06-07 19:44:06.662 | DEBUG    | market_discovery — Active: Bitcoin Up or Down - June 7, 10:10AM-10:15AM ET | T-53s
2026-06-07 19:44:16.727 | DEBUG    | market_discovery — Active: Bitcoin Up or Down - June 7, 10:10AM-10:15AM ET | T-43s
2026-06-07 19:44:26.798 | DEBUG    | market_discovery — Active: Bitcoin Up or Down - June 7, 10:10AM-10:15AM ET | T-33s
2026-06-07 19:44:36.942 | DEBUG    | market_discovery — Active: Bitcoin Up or Down - June 7, 10:10AM-10:15AM ET | T-23s
2026-06-07 19:44:47.008 | DEBUG    | market_discovery — Active: Bitcoin Up or Down - June 7, 10:10AM-10:15AM ET | T-13s
2026-06-07 19:44:57.070 | DEBUG    | market_discovery — Active: Bitcoin Up or Down - June 7, 10:10AM-10:15AM ET | T-3s
2026-06-07 19:45:00.134 | DEBUG    | __main__ — Reference snapshot for 1780841700: 61774.07 (lag 0.1s)
2026-06-07 19:45:07.294 | DEBUG    | market_discovery — Active: Bitcoin Up or Down - June 7, 10:15AM-10:20AM ET | T-293s
2026-06-07 19:45:07.449 | INFO     | polymarket_book — PolymarketBook closed (code=None)
2026-06-07 19:45:07.450 | WARNING  | polymarket_book — PolymarketBook disconnected. Reconnecting in 2s
2026-06-07 19:45:07.453 | INFO     | __main__ — New window: Bitcoin Up or Down - June 7, 10:15AM-10:20AM ET | ref=61774.07 | T-293s
2026-06-07 19:45:09.820 | INFO     | polymarket_book — PolymarketBook connected
2026-06-07 19:45:09.821 | INFO     | polymarket_book — PolymarketBook subscribed to 100818150009… / 231772192581…
2026-06-07 19:45:17.359 | DEBUG    | market_discovery — Active: Bitcoin Up or Down - June 7, 10:15AM-10:20AM ET | T-283s
2026-06-07 19:45:27.429 | DEBUG    | market_discovery — Active: Bitcoin Up or Down - June 7, 10:15AM-10:20AM ET | T-273s
2026-06-07 19:45:37.511 | DEBUG    | market_discovery — Active: Bitcoin Up or Down - June 7, 10:15AM-10:20AM ET | T-262s
2026-06-07 19:45:47.772 | DEBUG    | market_discovery — Active: Bitcoin Up or Down - June 7, 10:15AM-10:20AM ET | T-252s
2026-06-07 19:45:57.840 | DEBUG    | market_discovery — Active: Bitcoin Up or Down - June 7, 10:15AM-10:20AM ET | T-242s
2026-06-07 19:46:07.898 | DEBUG    | market_discovery — Active: Bitcoin Up or Down - June 7, 10:15AM-10:20AM ET | T-232s
2026-06-07 19:46:17.967 | DEBUG    | market_discovery — Active: Bitcoin Up or Down - June 7, 10:15AM-10:20AM ET | T-222s
2026-06-07 19:46:21.407 | INFO     | executor — [PAPER] TAKER DOWN @ 0.440 | size=$25.0 | P(side)=0.482
2026-06-07 19:46:28.045 | DEBUG    | market_discovery — Active: Bitcoin Up or Down - June 7, 10:15AM-10:20AM ET | T-212s
2026-06-07 19:46:38.105 | DEBUG    | market_discovery — Active: Bitcoin Up or Down - June 7, 10:15AM-10:20AM ET | T-202s
2026-06-07 19:46:48.164 | DEBUG    | market_discovery — Active: Bitcoin Up or Down - June 7, 10:15AM-10:20AM ET | T-192s
2026-06-07 19:46:58.363 | DEBUG    | market_discovery — Active: Bitcoin Up or Down - June 7, 10:15AM-10:20AM ET | T-182s
2026-06-07 19:47:08.414 | DEBUG    | market_discovery — Active: Bitcoin Up or Down - June 7, 10:15AM-10:20AM ET | T-172s
2026-06-07 19:47:18.493 | DEBUG    | market_discovery — Active: Bitcoin Up or Down - June 7, 10:15AM-10:20AM ET | T-162s
2026-06-07 19:47:28.560 | DEBUG    | market_discovery — Active: Bitcoin Up or Down - June 7, 10:15AM-10:20AM ET | T-151s
2026-06-07 19:47:38.629 | DEBUG    | market_discovery — Active: Bitcoin Up or Down - June 7, 10:15AM-10:20AM ET | T-141s
2026-06-07 19:47:48.699 | DEBUG    | market_discovery — Active: Bitcoin Up or Down - June 7, 10:15AM-10:20AM ET | T-131s
2026-06-07 19:47:58.768 | DEBUG    | market_discovery — Active: Bitcoin Up or Down - June 7, 10:15AM-10:20AM ET | T-121s
2026-06-07 19:48:09.027 | DEBUG    | market_discovery — Active: Bitcoin Up or Down - June 7, 10:15AM-10:20AM ET | T-111s
2026-06-07 19:48:19.091 | DEBUG    | market_discovery — Active: Bitcoin Up or Down - June 7, 10:15AM-10:20AM ET | T-101s
2026-06-07 19:48:29.159 | DEBUG    | market_discovery — Active: Bitcoin Up or Down - June 7, 10:15AM-10:20AM ET | T-91s
2026-06-07 19:48:39.228 | DEBUG    | market_discovery — Active: Bitcoin Up or Down - June 7, 10:15AM-10:20AM ET | T-81s
2026-06-07 19:48:49.392 | DEBUG    | market_discovery — Active: Bitcoin Up or Down - June 7, 10:15AM-10:20AM ET | T-71s
2026-06-07 19:48:59.456 | DEBUG    | market_discovery — Active: Bitcoin Up or Down - June 7, 10:15AM-10:20AM ET | T-61s
2026-06-07 19:49:09.518 | DEBUG    | market_discovery — Active: Bitcoin Up or Down - June 7, 10:15AM-10:20AM ET | T-50s
2026-06-07 19:49:19.736 | DEBUG    | market_discovery — Active: Bitcoin Up or Down - June 7, 10:15AM-10:20AM ET | T-40s
2026-06-07 19:49:29.804 | DEBUG    | market_discovery — Active: Bitcoin Up or Down - June 7, 10:15AM-10:20AM ET | T-30s
2026-06-07 19:49:39.864 | DEBUG    | market_discovery — Active: Bitcoin Up or Down - June 7, 10:15AM-10:20AM ET | T-20s
2026-06-07 19:49:49.931 | DEBUG    | market_discovery — Active: Bitcoin Up or Down - June 7, 10:15AM-10:20AM ET | T-10s
2026-06-07 19:50:00.242 | DEBUG    | __main__ — Reference snapshot for 1780842000: 61914.10 (lag 0.2s)
2026-06-07 19:50:00.254 | DEBUG    | market_discovery — No active BTC 5-min window found
2026-06-07 19:50:10.319 | DEBUG    | market_discovery — Active: Bitcoin Up or Down - June 7, 10:20AM-10:25AM ET | T-290s
2026-06-07 19:50:11.243 | INFO     | polymarket_book — PolymarketBook closed (code=None)
2026-06-07 19:50:11.244 | WARNING  | polymarket_book — PolymarketBook disconnected. Reconnecting in 2s
2026-06-07 19:50:11.247 | INFO     | __main__ — New window: Bitcoin Up or Down - June 7, 10:20AM-10:25AM ET | ref=61914.10 | T-289s
2026-06-07 19:50:13.750 | INFO     | polymarket_book — PolymarketBook connected
2026-06-07 19:50:13.751 | INFO     | polymarket_book — PolymarketBook subscribed to 188251642418… / 642444768657…
2026-06-07 19:50:20.221 | INFO     | executor — Resolved: DOWN side LOSS | entry=0.440 pnl=-25.98 rebate=0.000
2026-06-07 19:50:20.222 | WARNING  | risk — Loss recorded. Consecutive losses: 1.
2026-06-07 19:50:20.222 | INFO     | __main__ — Window 1780841700 settled by PAPER FALLBACK (oracle): UP (ref=61774.07 settle=61914.10) — real outcome unavailable
2026-06-07 19:50:20.391 | DEBUG    | market_discovery — Active: Bitcoin Up or Down - June 7, 10:20AM-10:25AM ET | T-280s
2026-06-07 19:50:30.452 | DEBUG    | market_discovery — Active: Bitcoin Up or Down - June 7, 10:20AM-10:25AM ET | T-270s
2026-06-07 19:50:40.541 | DEBUG    | market_discovery — Active: Bitcoin Up or Down - June 7, 10:20AM-10:25AM ET | T-259s
2026-06-07 19:50:50.615 | DEBUG    | market_discovery — Active: Bitcoin Up or Down - June 7, 10:20AM-10:25AM ET | T-249s
2026-06-07 19:51:00.684 | DEBUG    | market_discovery — Active: Bitcoin Up or Down - June 7, 10:20AM-10:25AM ET | T-239s
2026-06-07 19:51:10.923 | DEBUG    | market_discovery — Active: Bitcoin Up or Down - June 7, 10:20AM-10:25AM ET | T-229s
2026-06-07 19:51:20.137 | INFO     | executor — [PAPER] TAKER UP @ 0.420 | size=$25.0 | P(side)=0.476
2026-06-07 19:51:20.994 | DEBUG    | market_discovery — Active: Bitcoin Up or Down - June 7, 10:20AM-10:25AM ET | T-219s
2026-06-07 19:51:31.058 | DEBUG    | market_discovery — Active: Bitcoin Up or Down - June 7, 10:20AM-10:25AM ET | T-209s
2026-06-07 19:51:41.117 | DEBUG    | market_discovery — Active: Bitcoin Up or Down - June 7, 10:20AM-10:25AM ET | T-199s
2026-06-07 19:51:51.234 | DEBUG    | market_discovery — Active: Bitcoin Up or Down - June 7, 10:20AM-10:25AM ET | T-189s
2026-06-07 19:52:01.299 | DEBUG    | market_discovery — Active: Bitcoin Up or Down - June 7, 10:20AM-10:25AM ET | T-179s
2026-06-07 19:52:11.374 | DEBUG    | market_discovery — Active: Bitcoin Up or Down - June 7, 10:20AM-10:25AM ET | T-169s
2026-06-07 19:52:21.672 | DEBUG    | market_discovery — Active: Bitcoin Up or Down - June 7, 10:20AM-10:25AM ET | T-158s
2026-06-07 19:52:31.761 | DEBUG    | market_discovery — Active: Bitcoin Up or Down - June 7, 10:20AM-10:25AM ET | T-148s
2026-06-07 19:52:41.836 | DEBUG    | market_discovery — Active: Bitcoin Up or Down - June 7, 10:20AM-10:25AM ET | T-138s
2026-06-07 19:52:51.914 | DEBUG    | market_discovery — Active: Bitcoin Up or Down - June 7, 10:20AM-10:25AM ET | T-128s
2026-06-07 19:53:02.204 | DEBUG    | market_discovery — Active: Bitcoin Up or Down - June 7, 10:20AM-10:25AM ET | T-118s
2026-06-07 19:53:12.276 | DEBUG    | market_discovery — Active: Bitcoin Up or Down - June 7, 10:20AM-10:25AM ET | T-108s
2026-06-07 19:53:22.353 | DEBUG    | market_discovery — Active: Bitcoin Up or Down - June 7, 10:20AM-10:25AM ET | T-98s
2026-06-07 19:53:32.423 | DEBUG    | market_discovery — Active: Bitcoin Up or Down - June 7, 10:20AM-10:25AM ET | T-88s
2026-06-07 19:53:42.558 | DEBUG    | market_discovery — Active: Bitcoin Up or Down - June 7, 10:20AM-10:25AM ET | T-77s
2026-06-07 19:53:52.631 | DEBUG    | market_discovery — Active: Bitcoin Up or Down - June 7, 10:20AM-10:25AM ET | T-67s
2026-06-07 19:54:02.697 | DEBUG    | market_discovery — Active: Bitcoin Up or Down - June 7, 10:20AM-10:25AM ET | T-57s
2026-06-07 19:54:12.954 | DEBUG    | market_discovery — Active: Bitcoin Up or Down - June 7, 10:20AM-10:25AM ET | T-47s
2026-06-07 19:54:23.010 | DEBUG    | market_discovery — Active: Bitcoin Up or Down - June 7, 10:20AM-10:25AM ET | T-37s
2026-06-07 19:54:33.070 | DEBUG    | market_discovery — Active: Bitcoin Up or Down - June 7, 10:20AM-10:25AM ET | T-27s
2026-06-07 19:54:43.128 | DEBUG    | market_discovery — Active: Bitcoin Up or Down - June 7, 10:20AM-10:25AM ET | T-17s
2026-06-07 19:54:53.301 | DEBUG    | market_discovery — Active: Bitcoin Up or Down - June 7, 10:20AM-10:25AM ET | T-7s
2026-06-07 19:55:00.128 | DEBUG    | __main__ — Reference snapshot for 1780842300: 62027.70 (lag 0.1s)
2026-06-07 19:55:03.378 | DEBUG    | market_discovery — Active: Bitcoin Up or Down - June 7, 10:25AM-10:30AM ET | T-297s
2026-06-07 19:55:04.286 | INFO     | polymarket_book — PolymarketBook closed (code=None)
2026-06-07 19:55:04.287 | WARNING  | polymarket_book — PolymarketBook disconnected. Reconnecting in 2s
2026-06-07 19:55:04.391 | INFO     | __main__ — New window: Bitcoin Up or Down - June 7, 10:25AM-10:30AM ET | ref=62027.70 | T-296s
2026-06-07 19:55:06.669 | INFO     | polymarket_book — PolymarketBook connected
2026-06-07 19:55:06.670 | INFO     | polymarket_book — PolymarketBook subscribed to 801847304176… / 939144559929…
2026-06-07 19:55:13.436 | DEBUG    | market_discovery — Active: Bitcoin Up or Down - June 7, 10:25AM-10:30AM ET | T-287s
2026-06-07 19:55:20.984 | INFO     | executor — Resolved: UP side WIN | entry=0.420 pnl=+33.51 rebate=0.000
2026-06-07 19:55:20.985 | INFO     | __main__ — Window 1780842000 settled by PAPER FALLBACK (oracle): UP (ref=61914.10 settle=62029.04) — real outcome unavailable
2026-06-07 19:55:23.722 | DEBUG    | market_discovery — Active: Bitcoin Up or Down - June 7, 10:25AM-10:30AM ET | T-276s
2026-06-07 19:55:33.796 | DEBUG    | market_discovery — Active: Bitcoin Up or Down - June 7, 10:25AM-10:30AM ET | T-266s
2026-06-07 19:55:43.866 | DEBUG    | market_discovery — Active: Bitcoin Up or Down - June 7, 10:25AM-10:30AM ET | T-256s
2026-06-07 19:55:53.941 | DEBUG    | market_discovery — Active: Bitcoin Up or Down - June 7, 10:25AM-10:30AM ET | T-246s
2026-06-07 19:56:04.203 | DEBUG    | market_discovery — Active: Bitcoin Up or Down - June 7, 10:25AM-10:30AM ET | T-236s
2026-06-07 19:56:14.276 | DEBUG    | market_discovery — Active: Bitcoin Up or Down - June 7, 10:25AM-10:30AM ET | T-226s
2026-06-07 19:56:24.369 | DEBUG    | market_discovery — Active: Bitcoin Up or Down - June 7, 10:25AM-10:30AM ET | T-216s
2026-06-07 19:56:26.304 | INFO     | executor — [PAPER] TAKER UP @ 0.700 | size=$25.0 | P(side)=0.733
2026-06-07 19:56:34.467 | DEBUG    | market_discovery — Active: Bitcoin Up or Down - June 7, 10:25AM-10:30AM ET | T-206s
2026-06-07 19:56:44.571 | DEBUG    | market_discovery — Active: Bitcoin Up or Down - June 7, 10:25AM-10:30AM ET | T-195s
2026-06-07 20:04:46.990 | DEBUG    | __main__ — Window 1780842600 strike MISSED (lag 287.0s) — will not trade
2026-06-07 20:04:47.581 | INFO     | executor — Resolved: UP side WIN | entry=0.700 pnl=+10.19 rebate=0.000
2026-06-07 20:04:49.358 | WARNING  | polymarket_book — PolymarketBook error: Connection to remote host was lost.
2026-06-07 20:04:49.358 | INFO     | polymarket_book — PolymarketBook closed (code=None)
2026-06-07 20:04:49.358 | WARNING  | polymarket_book — PolymarketBook disconnected. Reconnecting in 2s
2026-06-07 20:04:51.010 | WARNING  | oracle_feed — ChainlinkFeed error: [Errno 54] Connection reset by peer
2026-06-07 20:04:51.011 | INFO     | oracle_feed — ChainlinkFeed closed (code=None)
2026-06-07 20:04:51.012 | WARNING  | oracle_feed — ChainlinkFeed disconnected. Reconnecting in 2s
2026-06-07 20:04:51.731 | INFO     | polymarket_book — PolymarketBook connected
2026-06-07 20:04:51.731 | INFO     | polymarket_book — PolymarketBook subscribed to 801847304176… / 939144559929…
2026-06-07 20:04:53.218 | DEBUG    | market_discovery — Active: Bitcoin Up or Down - June 7, 10:30AM-10:35AM ET | T-7s
2026-06-07 20:04:53.790 | INFO     | polymarket_book — PolymarketBook closed (code=None)
2026-06-07 20:04:53.790 | WARNING  | polymarket_book — PolymarketBook disconnected. Reconnecting in 2s
2026-06-07 20:04:53.792 | INFO     | __main__ — New window: Bitcoin Up or Down - June 7, 10:30AM-10:35AM ET | ref=0.00 (MISSED strike) | T-6s
2026-06-07 20:04:54.127 | INFO     | oracle_feed — ChainlinkFeed connected
2026-06-07 20:04:54.729 | WARNING  | oracle_feed — ChainlinkFeed parse error: Expecting value: line 1 column 1 (char 0)
2026-06-07 20:04:56.134 | INFO     | polymarket_book — PolymarketBook connected
2026-06-07 20:04:56.134 | INFO     | polymarket_book — PolymarketBook subscribed to 633026958432… / 755199097112…
2026-06-07 20:05:00.057 | DEBUG    | __main__ — Reference snapshot for 1780842900: 62064.22 (lag 0.1s)
2026-06-07 20:05:03.293 | DEBUG    | market_discovery — Active: Bitcoin Up or Down - June 7, 10:35AM-10:40AM ET | T-297s
2026-06-07 20:05:04.234 | INFO     | polymarket_book — PolymarketBook closed (code=None)
2026-06-07 20:05:04.234 | WARNING  | polymarket_book — PolymarketBook disconnected. Reconnecting in 2s
2026-06-07 20:05:04.376 | INFO     | __main__ — New window: Bitcoin Up or Down - June 7, 10:35AM-10:40AM ET | ref=62064.22 | T-296s
2026-06-07 20:05:06.381 | WARNING  | binance_feed — BinanceFeed error: ping/pong timed out
2026-06-07 20:05:06.492 | INFO     | binance_feed — BinanceFeed closed (code=None)
2026-06-07 20:05:06.496 | WARNING  | binance_feed — BinanceFeed disconnected. Reconnecting in 2s
2026-06-07 20:05:06.581 | INFO     | polymarket_book — PolymarketBook connected
2026-06-07 20:05:06.582 | INFO     | polymarket_book — PolymarketBook subscribed to 660539863810… / 152963273188…
2026-06-07 20:05:09.218 | INFO     | binance_feed — BinanceFeed connected
2026-06-07 20:05:13.627 | DEBUG    | market_discovery — Active: Bitcoin Up or Down - June 7, 10:35AM-10:40AM ET | T-286s
2026-06-07 20:05:23.694 | DEBUG    | market_discovery — Active: Bitcoin Up or Down - June 7, 10:35AM-10:40AM ET | T-276s
2026-06-07 20:05:33.764 | DEBUG    | market_discovery — Active: Bitcoin Up or Down - June 7, 10:35AM-10:40AM ET | T-266s
2026-06-07 20:05:43.832 | DEBUG    | market_discovery — Active: Bitcoin Up or Down - June 7, 10:35AM-10:40AM ET | T-256s
2026-06-07 20:05:54.026 | DEBUG    | market_discovery — Active: Bitcoin Up or Down - June 7, 10:35AM-10:40AM ET | T-246s
2026-06-07 20:06:04.101 | DEBUG    | market_discovery — Active: Bitcoin Up or Down - June 7, 10:35AM-10:40AM ET | T-236s
2026-06-07 20:06:14.172 | DEBUG    | market_discovery — Active: Bitcoin Up or Down - June 7, 10:35AM-10:40AM ET | T-226s
2026-06-07 20:06:24.374 | DEBUG    | market_discovery — Active: Bitcoin Up or Down - June 7, 10:35AM-10:40AM ET | T-216s
2026-06-07 20:06:34.504 | DEBUG    | market_discovery — Active: Bitcoin Up or Down - June 7, 10:35AM-10:40AM ET | T-205s
2026-06-07 20:06:44.606 | DEBUG    | market_discovery — Active: Bitcoin Up or Down - June 7, 10:35AM-10:40AM ET | T-195s
2026-06-07 20:06:54.694 | DEBUG    | market_discovery — Active: Bitcoin Up or Down - June 7, 10:35AM-10:40AM ET | T-185s
2026-06-07 20:07:04.888 | DEBUG    | market_discovery — Active: Bitcoin Up or Down - June 7, 10:35AM-10:40AM ET | T-175s
2026-06-07 20:07:14.980 | DEBUG    | market_discovery — Active: Bitcoin Up or Down - June 7, 10:35AM-10:40AM ET | T-165s
2026-06-07 20:07:25.058 | DEBUG    | market_discovery — Active: Bitcoin Up or Down - June 7, 10:35AM-10:40AM ET | T-155s
2026-06-07 20:07:35.130 | DEBUG    | market_discovery — Active: Bitcoin Up or Down - June 7, 10:35AM-10:40AM ET | T-145s
2026-06-07 20:07:45.196 | DEBUG    | market_discovery — Active: Bitcoin Up or Down - June 7, 10:35AM-10:40AM ET | T-135s
2026-06-07 20:09:22.526 | DEBUG    | market_discovery — Active: Bitcoin Up or Down - June 7, 10:35AM-10:40AM ET | T-37s
2026-06-07 20:09:23.839 | WARNING  | binance_feed — BinanceFeed error: [Errno 54] Connection reset by peer
2026-06-07 20:09:23.841 | INFO     | binance_feed — BinanceFeed closed (code=None)
2026-06-07 20:09:23.843 | WARNING  | binance_feed — BinanceFeed disconnected. Reconnecting in 2s
2026-06-07 20:09:26.475 | INFO     | binance_feed — BinanceFeed connected
2026-06-07 20:09:32.598 | DEBUG    | market_discovery — Active: Bitcoin Up or Down - June 7, 10:35AM-10:40AM ET | T-27s
2026-06-07 20:09:34.297 | WARNING  | oracle_feed — CoinbaseFeed error: ping/pong timed out
2026-06-07 20:09:35.538 | WARNING  | polymarket_book — PolymarketBook error: Connection to remote host was lost.
2026-06-07 20:09:35.538 | INFO     | polymarket_book — PolymarketBook closed (code=None)
2026-06-07 20:09:35.538 | WARNING  | polymarket_book — PolymarketBook disconnected. Reconnecting in 2s
2026-06-07 20:09:37.301 | INFO     | oracle_feed — CoinbaseFeed closed (code=None)
2026-06-07 20:09:37.304 | WARNING  | oracle_feed — CoinbaseFeed disconnected. Reconnecting in 2s
2026-06-07 20:09:38.070 | INFO     | polymarket_book — PolymarketBook connected
2026-06-07 20:09:38.071 | INFO     | polymarket_book — PolymarketBook subscribed to 660539863810… / 152963273188…
2026-06-07 20:09:40.401 | INFO     | oracle_feed — CoinbaseFeed connected
2026-06-07 20:09:42.665 | DEBUG    | market_discovery — Active: Bitcoin Up or Down - June 7, 10:35AM-10:40AM ET | T-17s
2026-06-07 20:09:52.731 | DEBUG    | market_discovery — Active: Bitcoin Up or Down - June 7, 10:35AM-10:40AM ET | T-7s
2026-06-07 20:10:00.022 | DEBUG    | __main__ — Reference snapshot for 1780843200: 62128.63 (lag 0.0s)
2026-06-07 20:10:11.016 | DEBUG    | market_discovery — Active: Bitcoin Up or Down - June 7, 10:40AM-10:45AM ET | T-289s
2026-06-07 20:10:15.021 | INFO     | polymarket_book — PolymarketBook closed (code=None)
2026-06-07 20:10:15.021 | INFO     | __main__ — New window: Bitcoin Up or Down - June 7, 10:40AM-10:45AM ET | ref=62128.63 | T-285s
2026-06-07 20:10:15.024 | WARNING  | polymarket_book — PolymarketBook disconnected. Reconnecting in 2s
2026-06-07 20:10:17.715 | INFO     | polymarket_book — PolymarketBook connected
2026-06-07 20:10:17.716 | INFO     | polymarket_book — PolymarketBook subscribed to 194430397655… / 111315035850…
2026-06-07 20:10:21.084 | DEBUG    | market_discovery — Active: Bitcoin Up or Down - June 7, 10:40AM-10:45AM ET | T-279s
2026-06-07 20:10:31.428 | DEBUG    | market_discovery — Active: Bitcoin Up or Down - June 7, 10:40AM-10:45AM ET | T-269s
2026-06-07 20:10:41.487 | DEBUG    | market_discovery — Active: Bitcoin Up or Down - June 7, 10:40AM-10:45AM ET | T-259s
2026-06-07 20:10:51.582 | DEBUG    | market_discovery — Active: Bitcoin Up or Down - June 7, 10:40AM-10:45AM ET | T-248s
2026-06-07 20:13:05.573 | INFO     | executor — [PAPER] TAKER DOWN @ 0.820 | size=$25.0 | P(side)=0.990
2026-06-07 20:13:08.835 | WARNING  | oracle_feed — ChainlinkFeed error: [Errno 54] Connection reset by peer
2026-06-07 20:13:08.836 | INFO     | oracle_feed — ChainlinkFeed closed (code=None)
2026-06-07 20:13:08.839 | WARNING  | oracle_feed — ChainlinkFeed disconnected. Reconnecting in 2s
2026-06-07 20:13:11.475 | INFO     | oracle_feed — ChainlinkFeed connected
2026-06-07 20:13:11.536 | DEBUG    | market_discovery — Active: Bitcoin Up or Down - June 7, 10:40AM-10:45AM ET | T-108s
2026-06-07 20:13:11.642 | WARNING  | oracle_feed — ChainlinkFeed parse error: Expecting value: line 1 column 1 (char 0)
2026-06-07 20:13:15.517 | DEBUG    | dashboard_server — Dashboard client connected: ::1
2026-06-07 20:13:21.262 | DEBUG    | dashboard_server — Dashboard client disconnected: ::1
2026-06-07 20:13:21.668 | DEBUG    | market_discovery — Active: Bitcoin Up or Down - June 7, 10:40AM-10:45AM ET | T-98s
2026-06-07 20:13:32.004 | DEBUG    | market_discovery — Active: Bitcoin Up or Down - June 7, 10:40AM-10:45AM ET | T-88s
2026-06-07 20:13:34.258 | WARNING  | oracle_feed — CoinbaseFeed error: ping/pong timed out
2026-06-07 20:13:35.026 | WARNING  | binance_feed — BinanceFeed error: ping/pong timed out
2026-06-07 20:13:35.151 | INFO     | binance_feed — BinanceFeed closed (code=None)
2026-06-07 20:13:35.154 | WARNING  | binance_feed — BinanceFeed disconnected. Reconnecting in 2s
2026-06-07 20:13:37.261 | INFO     | oracle_feed — CoinbaseFeed closed (code=None)
2026-06-07 20:13:37.264 | WARNING  | oracle_feed — CoinbaseFeed disconnected. Reconnecting in 2s
2026-06-07 20:13:37.706 | INFO     | binance_feed — BinanceFeed connected
2026-06-07 20:13:40.597 | INFO     | oracle_feed — CoinbaseFeed connected
2026-06-07 20:13:42.071 | DEBUG    | market_discovery — Active: Bitcoin Up or Down - June 7, 10:40AM-10:45AM ET | T-78s
2026-06-07 20:13:52.232 | DEBUG    | market_discovery — Active: Bitcoin Up or Down - June 7, 10:40AM-10:45AM ET | T-68s
2026-06-07 20:14:02.302 | DEBUG    | market_discovery — Active: Bitcoin Up or Down - June 7, 10:40AM-10:45AM ET | T-58s
2026-06-07 20:14:12.366 | DEBUG    | market_discovery — Active: Bitcoin Up or Down - June 7, 10:40AM-10:45AM ET | T-48s
2026-06-07 20:14:22.440 | DEBUG    | market_discovery — Active: Bitcoin Up or Down - June 7, 10:40AM-10:45AM ET | T-38s
2026-06-07 20:14:32.506 | DEBUG    | market_discovery — Active: Bitcoin Up or Down - June 7, 10:40AM-10:45AM ET | T-27s
2026-06-07 20:14:42.571 | DEBUG    | market_discovery — Active: Bitcoin Up or Down - June 7, 10:40AM-10:45AM ET | T-17s
2026-06-07 20:14:48.906 | WARNING  | polymarket_book — PolymarketBook error: Connection to remote host was lost.
2026-06-07 20:14:48.907 | INFO     | polymarket_book — PolymarketBook closed (code=None)
2026-06-07 20:14:48.907 | WARNING  | polymarket_book — PolymarketBook disconnected. Reconnecting in 2s
2026-06-07 20:14:51.254 | INFO     | polymarket_book — PolymarketBook connected
2026-06-07 20:14:51.255 | INFO     | polymarket_book — PolymarketBook subscribed to 194430397655… / 111315035850…
2026-06-07 20:14:52.643 | DEBUG    | market_discovery — Active: Bitcoin Up or Down - June 7, 10:40AM-10:45AM ET | T-7s
2026-06-07 20:15:00.008 | DEBUG    | __main__ — Reference snapshot for 1780843500: 61980.66 (lag 0.0s)
2026-06-07 20:15:02.960 | DEBUG    | market_discovery — Active: Bitcoin Up or Down - June 7, 10:45AM-10:50AM ET | T-297s
2026-06-07 20:15:03.686 | INFO     | polymarket_book — PolymarketBook closed (code=None)
2026-06-07 20:15:03.686 | WARNING  | polymarket_book — PolymarketBook disconnected. Reconnecting in 2s
2026-06-07 20:15:03.824 | INFO     | __main__ — New window: Bitcoin Up or Down - June 7, 10:45AM-10:50AM ET | ref=61980.66 | T-296s
2026-06-07 20:15:06.051 | INFO     | polymarket_book — PolymarketBook connected
2026-06-07 20:15:06.052 | INFO     | polymarket_book — PolymarketBook subscribed to 363228738191… / 113910881411…
2026-06-07 20:15:13.023 | DEBUG    | market_discovery — Active: Bitcoin Up or Down - June 7, 10:45AM-10:50AM ET | T-287s
2026-06-07 20:15:20.592 | INFO     | executor — Resolved: DOWN side WIN | entry=0.820 pnl=+5.17 rebate=0.000
2026-06-07 20:15:20.593 | INFO     | __main__ — Window 1780843200 settled by PAPER FALLBACK (oracle): DOWN (ref=62128.63 settle=61976.55) — real outcome unavailable
2026-06-07 20:15:23.094 | DEBUG    | market_discovery — Active: Bitcoin Up or Down - June 7, 10:45AM-10:50AM ET | T-277s
2026-06-07 20:15:33.173 | DEBUG    | market_discovery — Active: Bitcoin Up or Down - June 7, 10:45AM-10:50AM ET | T-267s
2026-06-07 20:15:43.341 | DEBUG    | market_discovery — Active: Bitcoin Up or Down - June 7, 10:45AM-10:50AM ET | T-257s
2026-06-07 20:15:53.410 | DEBUG    | market_discovery — Active: Bitcoin Up or Down - June 7, 10:45AM-10:50AM ET | T-247s
2026-06-07 20:16:03.475 | DEBUG    | market_discovery — Active: Bitcoin Up or Down - June 7, 10:45AM-10:50AM ET | T-237s
2026-06-07 20:16:13.658 | DEBUG    | market_discovery — Active: Bitcoin Up or Down - June 7, 10:45AM-10:50AM ET | T-226s
2026-06-07 20:16:23.729 | DEBUG    | market_discovery — Active: Bitcoin Up or Down - June 7, 10:45AM-10:50AM ET | T-216s
2026-06-07 20:16:25.628 | INFO     | executor — [PAPER] TAKER DOWN @ 0.770 | size=$25.0 | P(side)=0.804
2026-06-07 20:16:33.836 | DEBUG    | market_discovery — Active: Bitcoin Up or Down - June 7, 10:45AM-10:50AM ET | T-206s
2026-06-07 20:16:43.896 | DEBUG    | market_discovery — Active: Bitcoin Up or Down - June 7, 10:45AM-10:50AM ET | T-196s
2026-06-07 20:16:54.939 | DEBUG    | market_discovery — Active: Bitcoin Up or Down - June 7, 10:45AM-10:50AM ET | T-185s
2026-06-07 20:17:05.080 | DEBUG    | market_discovery — Active: Bitcoin Up or Down - June 7, 10:45AM-10:50AM ET | T-175s
2026-06-07 20:17:15.142 | DEBUG    | market_discovery — Active: Bitcoin Up or Down - June 7, 10:45AM-10:50AM ET | T-165s
2026-06-07 20:17:25.208 | DEBUG    | market_discovery — Active: Bitcoin Up or Down - June 7, 10:45AM-10:50AM ET | T-155s
2026-06-07 20:17:35.346 | DEBUG    | market_discovery — Active: Bitcoin Up or Down - June 7, 10:45AM-10:50AM ET | T-145s
2026-06-07 20:17:45.412 | DEBUG    | market_discovery — Active: Bitcoin Up or Down - June 7, 10:45AM-10:50AM ET | T-135s
2026-06-07 20:17:55.481 | DEBUG    | market_discovery — Active: Bitcoin Up or Down - June 7, 10:45AM-10:50AM ET | T-125s
2026-06-07 20:18:05.647 | DEBUG    | market_discovery — Active: Bitcoin Up or Down - June 7, 10:45AM-10:50AM ET | T-114s
2026-06-07 20:18:15.722 | DEBUG    | market_discovery — Active: Bitcoin Up or Down - June 7, 10:45AM-10:50AM ET | T-104s
2026-06-07 20:18:25.793 | DEBUG    | market_discovery — Active: Bitcoin Up or Down - June 7, 10:45AM-10:50AM ET | T-94s
2026-06-07 20:18:35.855 | DEBUG    | market_discovery — Active: Bitcoin Up or Down - June 7, 10:45AM-10:50AM ET | T-84s
2026-06-07 20:18:46.145 | DEBUG    | market_discovery — Active: Bitcoin Up or Down - June 7, 10:45AM-10:50AM ET | T-74s
2026-06-07 20:18:56.210 | DEBUG    | market_discovery — Active: Bitcoin Up or Down - June 7, 10:45AM-10:50AM ET | T-64s
2026-06-07 20:19:06.280 | DEBUG    | market_discovery — Active: Bitcoin Up or Down - June 7, 10:45AM-10:50AM ET | T-54s
2026-06-07 20:19:16.347 | DEBUG    | market_discovery — Active: Bitcoin Up or Down - June 7, 10:45AM-10:50AM ET | T-44s
2026-06-07 20:19:24.921 | DEBUG    | dashboard_server — Dashboard client connected: ::1
2026-06-07 20:19:26.419 | DEBUG    | market_discovery — Active: Bitcoin Up or Down - June 7, 10:45AM-10:50AM ET | T-34s
2026-06-07 20:19:34.947 | DEBUG    | dashboard_server — Dashboard client disconnected: ::1
2026-06-07 20:19:36.491 | DEBUG    | market_discovery — Active: Bitcoin Up or Down - June 7, 10:45AM-10:50AM ET | T-24s
2026-06-07 20:19:46.560 | DEBUG    | market_discovery — Active: Bitcoin Up or Down - June 7, 10:45AM-10:50AM ET | T-13s
2026-06-07 20:19:56.796 | DEBUG    | market_discovery — Active: Bitcoin Up or Down - June 7, 10:45AM-10:50AM ET | T-3s
2026-06-07 20:20:00.192 | DEBUG    | __main__ — Reference snapshot for 1780843800: 61781.18 (lag 0.2s)
2026-06-07 20:20:06.895 | DEBUG    | market_discovery — Active: Bitcoin Up or Down - June 7, 10:50AM-10:55AM ET | T-293s
2026-06-07 20:20:07.171 | INFO     | polymarket_book — PolymarketBook closed (code=None)
2026-06-07 20:20:07.172 | WARNING  | polymarket_book — PolymarketBook disconnected. Reconnecting in 2s
2026-06-07 20:20:07.176 | INFO     | __main__ — New window: Bitcoin Up or Down - June 7, 10:50AM-10:55AM ET | ref=61781.18 | T-293s
2026-06-07 20:20:09.580 | INFO     | polymarket_book — PolymarketBook connected
2026-06-07 20:20:09.581 | INFO     | polymarket_book — PolymarketBook subscribed to 594640491462… / 906957628012…
2026-06-07 20:20:16.958 | DEBUG    | market_discovery — Active: Bitcoin Up or Down - June 7, 10:50AM-10:55AM ET | T-283s
2026-06-07 20:20:20.337 | INFO     | executor — Resolved: DOWN side WIN | entry=0.770 pnl=+7.07 rebate=0.000
2026-06-07 20:20:20.337 | INFO     | __main__ — Window 1780843500 settled by PAPER FALLBACK (oracle): DOWN (ref=61980.66 settle=61783.90) — real outcome unavailable
2026-06-07 20:20:27.023 | DEBUG    | market_discovery — Active: Bitcoin Up or Down - June 7, 10:50AM-10:55AM ET | T-273s
2026-06-07 20:20:37.178 | DEBUG    | market_discovery — Active: Bitcoin Up or Down - June 7, 10:50AM-10:55AM ET | T-263s
2026-06-07 20:20:47.252 | DEBUG    | market_discovery — Active: Bitcoin Up or Down - June 7, 10:50AM-10:55AM ET | T-253s
2026-06-07 20:20:57.322 | DEBUG    | market_discovery — Active: Bitcoin Up or Down - June 7, 10:50AM-10:55AM ET | T-243s
2026-06-07 20:21:07.542 | DEBUG    | market_discovery — Active: Bitcoin Up or Down - June 7, 10:50AM-10:55AM ET | T-232s
2026-06-07 20:21:17.631 | DEBUG    | market_discovery — Active: Bitcoin Up or Down - June 7, 10:50AM-10:55AM ET | T-222s
2026-06-07 20:21:26.264 | INFO     | executor — [PAPER] TAKER UP @ 0.840 | size=$25.0 | P(side)=0.867
2026-06-07 20:21:27.692 | DEBUG    | market_discovery — Active: Bitcoin Up or Down - June 7, 10:50AM-10:55AM ET | T-212s
2026-06-07 20:21:33.722 | INFO     | __main__ — Shutting down...
2026-06-07 20:21:37.420 | INFO     | __main__ — ============================================================
2026-06-07 20:21:37.420 | INFO     | __main__ —   PAPER MODE — no real orders will be placed
2026-06-07 20:21:37.420 | INFO     | __main__ — ============================================================
2026-06-07 20:21:37.421 | INFO     | state — Database initialised at bot_state.db
2026-06-07 20:21:37.421 | INFO     | __main__ — Cleared 1 stale OPEN position(s) from a previous session
2026-06-07 20:21:37.421 | INFO     | __main__ — Reconciled 1 TAKER ledger row(s) with resolved outcomes
2026-06-07 20:21:37.502 | INFO     | market_discovery — MarketDiscovery started
2026-06-07 20:21:37.502 | INFO     | binance_feed — BinanceFeed started
2026-06-07 20:21:37.502 | INFO     | oracle_feed — CoinbaseFeed started
2026-06-07 20:21:37.503 | INFO     | oracle_feed — ChainlinkFeed started (Polymarket RTDS settlement price)
2026-06-07 20:21:37.503 | INFO     | polymarket_book — PolymarketBook started
2026-06-07 20:21:37.503 | DEBUG    | __main__ — Window 1780843800 strike MISSED (no price feed) — will not trade
2026-06-07 20:21:37.503 | INFO     | __main__ — Bot started in PAPER mode. Waiting for window and feeds...
2026-06-07 20:21:37.503 | INFO     | dashboard_server — ============================================================
2026-06-07 20:21:37.504 | INFO     | dashboard_server —   OPEN THE DASHBOARD:  http://localhost:8000/
2026-06-07 20:21:37.504 | INFO     | dashboard_server — ============================================================
2026-06-07 20:21:37.546 | DEBUG    | market_discovery — Active: Bitcoin Up or Down - June 7, 10:50AM-10:55AM ET | T-202s
2026-06-07 20:21:37.855 | INFO     | polymarket_book — PolymarketBook connected
2026-06-07 20:21:37.977 | INFO     | binance_feed — BinanceFeed connected
2026-06-07 20:21:38.035 | INFO     | oracle_feed — ChainlinkFeed connected
2026-06-07 20:21:38.200 | WARNING  | oracle_feed — ChainlinkFeed parse error: Expecting value: line 1 column 1 (char 0)
2026-06-07 20:21:38.651 | INFO     | oracle_feed — CoinbaseFeed connected
2026-06-07 20:21:38.655 | INFO     | polymarket_book — PolymarketBook closed (code=None)
2026-06-07 20:21:38.655 | WARNING  | polymarket_book — PolymarketBook disconnected. Reconnecting in 2s
2026-06-07 20:21:38.658 | INFO     | __main__ — New window: Bitcoin Up or Down - June 7, 10:50AM-10:55AM ET | ref=0.00 (MISSED strike) | T-201s
2026-06-07 20:21:39.164 | DEBUG    | dashboard_server — Dashboard client connected: ::1
2026-06-07 20:21:40.657 | DEBUG    | dashboard_server — Dashboard client connected: ::1
2026-06-07 20:21:41.007 | INFO     | polymarket_book — PolymarketBook connected
2026-06-07 20:21:41.009 | INFO     | polymarket_book — PolymarketBook subscribed to 594640491462… / 906957628012…
2026-06-07 20:21:46.191 | DEBUG    | dashboard_server — Dashboard client disconnected: ::1
2026-06-07 20:21:47.768 | DEBUG    | market_discovery — Active: Bitcoin Up or Down - June 7, 10:50AM-10:55AM ET | T-192s
2026-06-07 20:21:57.835 | DEBUG    | market_discovery — Active: Bitcoin Up or Down - June 7, 10:50AM-10:55AM ET | T-182s
2026-06-07 20:22:07.919 | DEBUG    | market_discovery — Active: Bitcoin Up or Down - June 7, 10:50AM-10:55AM ET | T-172s
2026-06-07 20:22:18.005 | DEBUG    | market_discovery — Active: Bitcoin Up or Down - June 7, 10:50AM-10:55AM ET | T-162s
2026-06-07 20:22:28.073 | DEBUG    | market_discovery — Active: Bitcoin Up or Down - June 7, 10:50AM-10:55AM ET | T-152s
2026-06-07 20:22:28.212 | WARNING  | oracle_feed — ChainlinkFeed error: ping/pong timed out
2026-06-07 20:22:31.214 | INFO     | oracle_feed — ChainlinkFeed closed (code=None)
2026-06-07 20:22:31.217 | WARNING  | oracle_feed — ChainlinkFeed disconnected. Reconnecting in 2s
2026-06-07 20:22:33.729 | INFO     | oracle_feed — ChainlinkFeed connected
2026-06-07 20:22:33.886 | WARNING  | oracle_feed — ChainlinkFeed parse error: Expecting value: line 1 column 1 (char 0)
2026-06-07 20:22:38.137 | DEBUG    | market_discovery — Active: Bitcoin Up or Down - June 7, 10:50AM-10:55AM ET | T-142s
2026-06-07 20:22:48.203 | DEBUG    | market_discovery — Active: Bitcoin Up or Down - June 7, 10:50AM-10:55AM ET | T-132s
2026-06-07 20:22:58.513 | DEBUG    | market_discovery — Active: Bitcoin Up or Down - June 7, 10:50AM-10:55AM ET | T-121s
2026-06-07 20:23:08.581 | DEBUG    | market_discovery — Active: Bitcoin Up or Down - June 7, 10:50AM-10:55AM ET | T-111s
2026-06-07 20:23:18.650 | DEBUG    | market_discovery — Active: Bitcoin Up or Down - June 7, 10:50AM-10:55AM ET | T-101s
2026-06-07 20:23:23.899 | WARNING  | oracle_feed — ChainlinkFeed error: ping/pong timed out
2026-06-07 20:23:26.901 | INFO     | oracle_feed — ChainlinkFeed closed (code=None)
2026-06-07 20:23:26.904 | WARNING  | oracle_feed — ChainlinkFeed disconnected. Reconnecting in 2s
2026-06-07 20:23:28.718 | DEBUG    | market_discovery — Active: Bitcoin Up or Down - June 7, 10:50AM-10:55AM ET | T-91s
2026-06-07 20:23:29.385 | INFO     | oracle_feed — ChainlinkFeed connected
2026-06-07 20:23:29.548 | WARNING  | oracle_feed — ChainlinkFeed parse error: Expecting value: line 1 column 1 (char 0)
2026-06-07 20:23:38.949 | DEBUG    | market_discovery — Active: Bitcoin Up or Down - June 7, 10:50AM-10:55AM ET | T-81s
2026-06-07 20:23:49.011 | DEBUG    | market_discovery — Active: Bitcoin Up or Down - June 7, 10:50AM-10:55AM ET | T-71s
2026-06-07 20:23:59.088 | DEBUG    | market_discovery — Active: Bitcoin Up or Down - June 7, 10:50AM-10:55AM ET | T-61s
2026-06-07 20:24:17.762 | INFO     | __main__ — ============================================================
2026-06-07 20:24:17.762 | INFO     | __main__ —   PAPER MODE — no real orders will be placed
2026-06-07 20:24:17.762 | INFO     | __main__ — ============================================================
2026-06-07 20:24:17.763 | INFO     | state — Database initialised at bot_state.db
2026-06-07 20:24:17.852 | INFO     | market_discovery — MarketDiscovery started
2026-06-07 20:24:17.853 | INFO     | binance_feed — BinanceFeed started
2026-06-07 20:24:17.853 | INFO     | oracle_feed — CoinbaseFeed started
2026-06-07 20:24:17.853 | INFO     | oracle_feed — ChainlinkFeed started (Polymarket RTDS settlement price)
2026-06-07 20:24:17.853 | INFO     | polymarket_book — PolymarketBook started
2026-06-07 20:24:17.853 | DEBUG    | __main__ — Window 1780843800 strike MISSED (no price feed) — will not trade
2026-06-07 20:24:17.853 | INFO     | __main__ — Bot started in PAPER mode. Waiting for window and feeds...
2026-06-07 20:24:17.854 | INFO     | dashboard_server — ============================================================
2026-06-07 20:24:17.854 | INFO     | dashboard_server —   OPEN THE DASHBOARD:  http://localhost:8000/
2026-06-07 20:24:17.854 | INFO     | dashboard_server — ============================================================
2026-06-07 20:24:17.945 | DEBUG    | market_discovery — Active: Bitcoin Up or Down - June 7, 10:50AM-10:55AM ET | T-42s
2026-06-07 20:24:18.095 | INFO     | polymarket_book — PolymarketBook connected
2026-06-07 20:24:18.322 | INFO     | binance_feed — BinanceFeed connected
2026-06-07 20:24:18.393 | INFO     | oracle_feed — ChainlinkFeed connected
2026-06-07 20:24:18.559 | WARNING  | oracle_feed — ChainlinkFeed parse error: Expecting value: line 1 column 1 (char 0)
2026-06-07 20:24:18.950 | INFO     | oracle_feed — CoinbaseFeed connected
2026-06-07 20:24:18.999 | INFO     | polymarket_book — PolymarketBook closed (code=None)
2026-06-07 20:24:19.000 | WARNING  | polymarket_book — PolymarketBook disconnected. Reconnecting in 2s
2026-06-07 20:24:19.000 | INFO     | __main__ — New window: Bitcoin Up or Down - June 7, 10:50AM-10:55AM ET | ref=0.00 (MISSED strike) | T-41s
2026-06-07 20:24:19.142 | DEBUG    | dashboard_server — Dashboard client connected: ::1
2026-06-07 20:24:21.413 | INFO     | polymarket_book — PolymarketBook connected
2026-06-07 20:24:21.414 | INFO     | polymarket_book — PolymarketBook subscribed to 594640491462… / 906957628012…
